C:\USERS\DAN\DESKTOP\DZFOR 15.11.14\DOMAXA1\DOMAXA1\DEBUG\VC110.PDB
C:\USERS\DAN\DESKTOP\DZFOR 15.11.14\DOMAXA1\DOMAXA1\DEBUG\Исходный код.OBJ
C:\USERS\DAN\DESKTOP\DZFOR 15.11.14\DOMAXA1\DEBUG\DOMAXA1.ILK
C:\USERS\DAN\DESKTOP\DZFOR 15.11.14\DOMAXA1\DEBUG\DOMAXA1.EXE
C:\USERS\DAN\DESKTOP\DZFOR 15.11.14\DOMAXA1\DEBUG\DOMAXA1.PDB
C:\Users\dan\Desktop\dzfor 15.11.14\domaxa1\domaxa1\Debug\Исходный код.obj
C:\Users\dan\Desktop\dzfor 15.11.14\domaxa1\domaxa1\Debug\cl.command.1.tlog
C:\Users\dan\Desktop\dzfor 15.11.14\domaxa1\domaxa1\Debug\CL.read.1.tlog
C:\Users\dan\Desktop\dzfor 15.11.14\domaxa1\domaxa1\Debug\CL.write.1.tlog
C:\Users\dan\Desktop\dzfor 15.11.14\domaxa1\domaxa1\Debug\link-cvtres.read.1.tlog
C:\Users\dan\Desktop\dzfor 15.11.14\domaxa1\domaxa1\Debug\link-cvtres.write.1.tlog
C:\Users\dan\Desktop\dzfor 15.11.14\domaxa1\domaxa1\Debug\link-rc.read.1.tlog
C:\Users\dan\Desktop\dzfor 15.11.14\domaxa1\domaxa1\Debug\link-rc.write.1.tlog
C:\Users\dan\Desktop\dzfor 15.11.14\domaxa1\domaxa1\Debug\link.command.1.tlog
C:\Users\dan\Desktop\dzfor 15.11.14\domaxa1\domaxa1\Debug\link.read.1.tlog
C:\Users\dan\Desktop\dzfor 15.11.14\domaxa1\domaxa1\Debug\link.write.1.tlog
C:\Users\dan\Desktop\dzfor 15.11.14\domaxa1\domaxa1\Debug\vc110.idb
C:\Users\dan\Desktop\dzfor 15.11.14\domaxa1\domaxa1\Debug\vc110.pdb
C:\Users\dan\Desktop\dzfor 15.11.14\domaxa1\Debug\domaxa1.pdb
C:\Users\dan\Desktop\dzfor 15.11.14\domaxa1\Debug\domaxa1.exe
C:\Users\dan\Desktop\dzfor 15.11.14\domaxa1\Debug\domaxa1.ilk
