C:\USERS\DAN\DESKTOP\DOMAXA3\DOMAXA3\DEBUG\Исходный код.OBJ
C:\USERS\DAN\DESKTOP\DOMAXA3\DOMAXA3\DEBUG\VC110.PDB
C:\USERS\DAN\DESKTOP\DOMAXA3\DEBUG\DOMAXA3.ILK
C:\USERS\DAN\DESKTOP\DOMAXA3\DEBUG\DOMAXA3.EXE
C:\USERS\DAN\DESKTOP\DOMAXA3\DEBUG\DOMAXA3.PDB
C:\Users\dan\Desktop\Domaxa3\Domaxa3\Debug\cl.command.1.tlog
C:\Users\dan\Desktop\Domaxa3\Domaxa3\Debug\CL.read.1.tlog
C:\Users\dan\Desktop\Domaxa3\Domaxa3\Debug\CL.write.1.tlog
C:\Users\dan\Desktop\Domaxa3\Domaxa3\Debug\link-cvtres.read.1.tlog
C:\Users\dan\Desktop\Domaxa3\Domaxa3\Debug\link-cvtres.write.1.tlog
C:\Users\dan\Desktop\Domaxa3\Domaxa3\Debug\link-rc.read.1.tlog
C:\Users\dan\Desktop\Domaxa3\Domaxa3\Debug\link-rc.write.1.tlog
C:\Users\dan\Desktop\Domaxa3\Domaxa3\Debug\link.command.1.tlog
C:\Users\dan\Desktop\Domaxa3\Domaxa3\Debug\link.read.1.tlog
C:\Users\dan\Desktop\Domaxa3\Domaxa3\Debug\link.write.1.tlog
C:\Users\dan\Desktop\Domaxa3\Domaxa3\Debug\vc110.idb
C:\Users\dan\Desktop\Domaxa3\Domaxa3\Debug\vc110.pdb
C:\Users\dan\Desktop\Domaxa3\Debug\Domaxa3.pdb
C:\Users\dan\Desktop\Domaxa3\Debug\Domaxa3.exe
C:\Users\dan\Desktop\Domaxa3\Debug\Domaxa3.ilk
