C:\USERS\DAN\DESKTOP\DATAUSER\DATAUSER\DEBUG\Исходный код.OBJ
C:\USERS\DAN\DESKTOP\DATAUSER\DATAUSER\DEBUG\VC110.PDB
C:\USERS\DAN\DESKTOP\DATAUSER\DEBUG\DATAUSER.ILK
C:\USERS\DAN\DESKTOP\DATAUSER\DEBUG\DATAUSER.EXE
C:\USERS\DAN\DESKTOP\DATAUSER\DEBUG\DATAUSER.PDB
C:\Users\dan\Desktop\Datauser\Datauser\Debug\Исходный код.obj
C:\Users\dan\Desktop\Datauser\Datauser\Debug\cl.command.1.tlog
C:\Users\dan\Desktop\Datauser\Datauser\Debug\CL.read.1.tlog
C:\Users\dan\Desktop\Datauser\Datauser\Debug\CL.write.1.tlog
C:\Users\dan\Desktop\Datauser\Datauser\Debug\link-cvtres.read.1.tlog
C:\Users\dan\Desktop\Datauser\Datauser\Debug\link-cvtres.write.1.tlog
C:\Users\dan\Desktop\Datauser\Datauser\Debug\link-rc.read.1.tlog
C:\Users\dan\Desktop\Datauser\Datauser\Debug\link-rc.write.1.tlog
C:\Users\dan\Desktop\Datauser\Datauser\Debug\link.command.1.tlog
C:\Users\dan\Desktop\Datauser\Datauser\Debug\link.read.1.tlog
C:\Users\dan\Desktop\Datauser\Datauser\Debug\link.write.1.tlog
C:\Users\dan\Desktop\Datauser\Datauser\Debug\vc110.idb
C:\Users\dan\Desktop\Datauser\Datauser\Debug\vc110.pdb
C:\Users\dan\Desktop\Datauser\Debug\Datauser.pdb
C:\Users\dan\Desktop\Datauser\Debug\Datauser.exe
C:\Users\dan\Desktop\Datauser\Debug\Datauser.ilk
